Base path: D:/Programs/Unity/2018.3.9f1/Editor/Data
Cmd: initializeCompiler
Cmd: compileComputeKernel
  api=4 insize=8532076 outsize=521 ok=1
Cmd: compileComputeKernel
  api=4 insize=8532076 outsize=201 ok=1
Cmd: compileComputeKernel
  api=4 insize=8532076 outsize=201 ok=1
Cmd: compileComputeKernel
  api=4 insize=8532076 outsize=7693 ok=1
Cmd: compileComputeKernel
  api=4 insize=8532076 outsize=15253 ok=1
Cmd: compileComputeKernel
  api=4 insize=8532076 outsize=9881 ok=1
Cmd: compileComputeKernel
  api=4 insize=8532076 outsize=201 ok=1
Cmd: compileComputeKernel
  api=4 insize=8532076 outsize=12641 ok=1
Cmd: compileComputeKernel
  api=4 insize=8532076 outsize=201 ok=1
Cmd: compileComputeKernel
  api=4 insize=8532076 outsize=201 ok=1
Cmd: compileComputeKernel
  api=4 insize=8532076 outsize=201 ok=1
Cmd: compileComputeKernel
  api=4 insize=8532076 outsize=201 ok=1
Cmd: compileComputeKernel
  api=4 insize=8532076 outsize=201 ok=1
Cmd: compileComputeKernel
  api=4 insize=8532076 outsize=3081 ok=1
Cmd: compileComputeKernel
  api=4 insize=8532076 outsize=201 ok=1
Cmd: compileComputeKernel
  api=4 insize=8532076 outsize=18377 ok=1
Cmd: compileComputeKernel
  api=4 insize=8532076 outsize=201 ok=1
Cmd: compileComputeKernel
  api=4 insize=8532076 outsize=17833 ok=1
Cmd: compileComputeKernel
  api=4 insize=8532076 outsize=201 ok=1
Cmd: compileComputeKernel
  api=4 insize=8532076 outsize=201 ok=1
Cmd: compileComputeKernel
  api=4 insize=8532076 outsize=201 ok=1
Cmd: compileComputeKernel
  api=4 insize=8532076 outsize=5689 ok=1
Cmd: compileComputeKernel
  api=4 insize=8532076 outsize=201 ok=1
Cmd: compileComputeKernel
  api=4 insize=8532076 outsize=201 ok=1
Cmd: compileComputeKernel
  api=4 insize=8532076 outsize=9493 ok=1
Cmd: compileComputeKernel
  api=4 insize=8532076 outsize=201 ok=1
Cmd: compileComputeKernel
  api=4 insize=8532076 outsize=201 ok=1
Cmd: compileComputeKernel
  api=4 insize=8532076 outsize=201 ok=1
Cmd: compileComputeKernel
  api=4 insize=8532076 outsize=201 ok=1
Cmd: compileComputeKernel
  api=4 insize=8532076 outsize=201 ok=1
Cmd: compileComputeKernel
  api=4 insize=8532076 outsize=201 ok=1
Cmd: compileComputeKernel
  api=4 insize=8532076 outsize=6621 ok=1
Cmd: compileComputeKernel
  api=4 insize=8532076 outsize=201 ok=1
Cmd: compileComputeKernel
  api=4 insize=8532076 outsize=15469 ok=1
Cmd: compileComputeKernel
  api=4 insize=8532076 outsize=201 ok=1
Cmd: compileComputeKernel
  api=4 insize=8532076 outsize=201 ok=1
Cmd: compileComputeKernel
  api=4 insize=8532076 outsize=201 ok=1
Cmd: compileComputeKernel
  api=4 insize=8532076 outsize=201 ok=1
Cmd: compileComputeKernel
  api=4 insize=8532076 outsize=201 ok=1
Cmd: compileComputeKernel
  api=4 insize=8532076 outsize=201 ok=1
Cmd: compileComputeKernel
  api=4 insize=8532076 outsize=201 ok=1
Cmd: compileComputeKernel
  api=4 insize=8532076 outsize=201 ok=1
Cmd: compileComputeKernel
  api=4 insize=8532076 outsize=5689 ok=1
Cmd: compileComputeKernel
  api=4 insize=8532076 outsize=201 ok=1
Cmd: compileComputeKernel
  api=4 insize=8532076 outsize=17781 ok=1
Cmd: compileComputeKernel
  api=4 insize=8532076 outsize=20193 ok=1
Cmd: compileComputeKernel
  api=4 insize=8532076 outsize=201 ok=1
Cmd: compileComputeKernel
  api=4 insize=8532076 outsize=201 ok=1
Cmd: compileComputeKernel
  api=4 insize=8532076 outsize=201 ok=1
Cmd: compileComputeKernel
  api=4 insize=8532076 outsize=8325 ok=1
Cmd: compileComputeKernel
  api=4 insize=8532076 outsize=17173 ok=1
Cmd: compileComputeKernel
  api=4 insize=8532076 outsize=201 ok=1
Cmd: compileComputeKernel
  api=4 insize=8532076 outsize=19701 ok=1
Cmd: compileComputeKernel
  api=4 insize=8532076 outsize=201 ok=1
Cmd: compileComputeKernel
  api=4 insize=8532076 outsize=201 ok=1
Cmd: compileComputeKernel
  api=4 insize=8532076 outsize=201 ok=1
Cmd: compileComputeKernel
  api=4 insize=8532076 outsize=201 ok=1
Cmd: compileComputeKernel
  api=4 insize=8532076 outsize=201 ok=1
Cmd: compileComputeKernel
  api=4 insize=8532076 outsize=201 ok=1
Cmd: compileComputeKernel
  api=4 insize=8532076 outsize=201 ok=1
Cmd: compileComputeKernel
  api=4 insize=8532076 outsize=201 ok=1
Cmd: compileComputeKernel
  api=4 insize=8532076 outsize=201 ok=1
Cmd: compileComputeKernel
  api=4 insize=8532076 outsize=201 ok=1
Cmd: compileComputeKernel
  api=4 insize=8532076 outsize=201 ok=1
Cmd: compileComputeKernel
  api=4 insize=8532076 outsize=201 ok=1
Cmd: compileComputeKernel
  api=4 insize=8532076 outsize=201 ok=1
Cmd: compileComputeKernel
  api=4 insize=8532076 outsize=201 ok=1
Cmd: compileComputeKernel
  api=4 insize=8532076 outsize=201 ok=1
Cmd: compileComputeKernel
  api=4 insize=8532076 outsize=201 ok=1
Cmd: compileComputeKernel
  api=4 insize=8532076 outsize=201 ok=1
Cmd: compileComputeKernel
  api=4 insize=8532076 outsize=201 ok=1
Cmd: compileComputeKernel
  api=4 insize=8532076 outsize=2485 ok=1
Cmd: compileComputeKernel
  api=4 insize=8532076 outsize=201 ok=1
Cmd: compileComputeKernel
  api=4 insize=8532076 outsize=201 ok=1
Cmd: compileComputeKernel
  api=4 insize=8532076 outsize=12449 ok=1
Cmd: compileComputeKernel
  api=4 insize=8532076 outsize=20385 ok=1
Cmd: compileComputeKernel
  api=4 insize=8532076 outsize=201 ok=1
Cmd: compileComputeKernel
  api=4 insize=8532076 outsize=201 ok=1
Cmd: compileComputeKernel
  api=4 insize=8532076 outsize=9549 ok=1
Cmd: compileComputeKernel
  api=4 insize=8532076 outsize=20881 ok=1
Cmd: compileComputeKernel
  api=4 insize=8532076 outsize=23389 ok=1
Cmd: compileComputeKernel
  api=4 insize=8532076 outsize=201 ok=1
Cmd: compileComputeKernel
  api=4 insize=8532076 outsize=201 ok=1
Cmd: compileComputeKernel
  api=4 insize=8532076 outsize=201 ok=1
Cmd: compileComputeKernel
  api=4 insize=8532076 outsize=201 ok=1
Cmd: compileComputeKernel
  api=4 insize=8532076 outsize=201 ok=1
Cmd: compileComputeKernel
  api=4 insize=8532076 outsize=201 ok=1
Cmd: compileComputeKernel
  api=4 insize=8532076 outsize=201 ok=1
Cmd: compileComputeKernel
  api=4 insize=8532076 outsize=201 ok=1
Cmd: compileComputeKernel
  api=4 insize=8532076 outsize=201 ok=1
Cmd: compileComputeKernel
  api=4 insize=8532076 outsize=201 ok=1
Cmd: compileComputeKernel
  api=4 insize=8532076 outsize=201 ok=1
Cmd: compileComputeKernel
  api=4 insize=8532076 outsize=201 ok=1
Cmd: compileComputeKernel
  api=4 insize=8532076 outsize=201 ok=1
Cmd: compileComputeKernel
  api=4 insize=8532076 outsize=201 ok=1
Cmd: compileComputeKernel
  api=4 insize=8532076 outsize=201 ok=1
Cmd: compileComputeKernel
  api=4 insize=8532076 outsize=201 ok=1
Cmd: compileComputeKernel
  api=4 insize=8532076 outsize=201 ok=1
Cmd: compileComputeKernel
  api=4 insize=8532076 outsize=201 ok=1
Cmd: compileComputeKernel
  api=4 insize=8532076 outsize=201 ok=1
Cmd: compileComputeKernel
  api=4 insize=8532076 outsize=201 ok=1
Cmd: compileComputeKernel
  api=4 insize=8532076 outsize=201 ok=1
Cmd: compileComputeKernel
  api=4 insize=8532076 outsize=201 ok=1
Cmd: compileComputeKernel
  api=4 insize=8532076 outsize=201 ok=1
Cmd: compileComputeKernel
  api=4 insize=8532076 outsize=201 ok=1
Cmd: compileComputeKernel
  api=4 insize=8532076 outsize=201 ok=1
Cmd: compileComputeKernel
  api=4 insize=8532076 outsize=201 ok=1
Cmd: compileComputeKernel
  api=4 insize=8532076 outsize=201 ok=1
Cmd: compileComputeKernel
  api=4 insize=8532076 outsize=201 ok=1
Cmd: compileComputeKernel
  api=4 insize=8532076 outsize=201 ok=1
Cmd: compileComputeKernel
  api=4 insize=8532076 outsize=201 ok=1
Cmd: compileComputeKernel
  api=4 insize=8532076 outsize=201 ok=1
Cmd: compileComputeKernel
  api=4 insize=8532076 outsize=201 ok=1
Cmd: compileComputeKernel
  api=4 insize=8532076 outsize=201 ok=1
Cmd: compileComputeKernel
  api=4 insize=8532076 outsize=201 ok=1
Cmd: compileComputeKernel
  api=4 insize=8532076 outsize=201 ok=1
Cmd: compileComputeKernel
  api=4 insize=8532076 outsize=201 ok=1
Cmd: compileComputeKernel
  api=4 insize=8532076 outsize=201 ok=1
Cmd: compileComputeKernel
  api=4 insize=8532076 outsize=201 ok=1
Cmd: compileComputeKernel
  api=4 insize=8532076 outsize=201 ok=1
Cmd: compileComputeKernel
  api=4 insize=8532076 outsize=201 ok=1
Cmd: compileComputeKernel
  api=4 insize=8532076 outsize=201 ok=1
Cmd: compileComputeKernel
  api=4 insize=8532076 outsize=201 ok=1
Cmd: compileComputeKernel
  api=4 insize=8532076 outsize=201 ok=1
Cmd: compileComputeKernel
  api=4 insize=8532076 outsize=201 ok=1
Cmd: compileComputeKernel
  api=4 insize=8532076 outsize=201 ok=1
Cmd: compileComputeKernel
  api=4 insize=8532076 outsize=6585 ok=1
Cmd: compileComputeKernel
  api=4 insize=8532076 outsize=201 ok=1
Cmd: compileComputeKernel
  api=4 insize=8532076 outsize=15809 ok=1
Cmd: compileComputeKernel
  api=4 insize=8532076 outsize=201 ok=1
Cmd: compileComputeKernel
  api=4 insize=8532076 outsize=7493 ok=1
Cmd: compileComputeKernel
  api=4 insize=8532076 outsize=11685 ok=1
Cmd: compileComputeKernel
  api=4 insize=8532076 outsize=201 ok=1
Cmd: compileComputeKernel
  api=4 insize=8532076 outsize=14253 ok=1
Cmd: compileComputeKernel
  api=4 insize=8532076 outsize=201 ok=1
Cmd: compileComputeKernel
  api=4 insize=8532076 outsize=201 ok=1
Cmd: compileComputeKernel
  api=4 insize=8532076 outsize=201 ok=1
Cmd: compileComputeKernel
  api=4 insize=8532076 outsize=201 ok=1
Cmd: compileComputeKernel
  api=4 insize=8532076 outsize=201 ok=1
Cmd: compileComputeKernel
  api=4 insize=8532076 outsize=12089 ok=1
Cmd: compileComputeKernel
  api=4 insize=8532076 outsize=201 ok=1
Cmd: compileComputeKernel
  api=4 insize=8532076 outsize=201 ok=1
Cmd: compileComputeKernel
  api=4 insize=8532076 outsize=201 ok=1
Cmd: compileComputeKernel
  api=4 insize=8532076 outsize=201 ok=1
Cmd: compileComputeKernel
  api=4 insize=8532076 outsize=201 ok=1
Cmd: compileComputeKernel
  api=4 insize=8532076 outsize=201 ok=1
Cmd: compileComputeKernel
  api=4 insize=8532076 outsize=201 ok=1
Cmd: compileComputeKernel
  api=4 insize=8532076 outsize=201 ok=1
Cmd: compileComputeKernel
  api=4 insize=8532076 outsize=7493 ok=1
Cmd: compileComputeKernel
  api=4 insize=8532076 outsize=16341 ok=1
Cmd: compileComputeKernel
  api=4 insize=8532076 outsize=201 ok=1
Cmd: compileComputeKernel
  api=4 insize=8532076 outsize=201 ok=1
Cmd: compileComputeKernel
  api=4 insize=8532076 outsize=201 ok=1
Cmd: compileComputeKernel
  api=4 insize=8532076 outsize=201 ok=1
Cmd: compileComputeKernel
  api=4 insize=8532076 outsize=201 ok=1
Cmd: compileComputeKernel
  api=4 insize=8532076 outsize=201 ok=1
Cmd: compileComputeKernel
  api=4 insize=8532076 outsize=8425 ok=1
Cmd: compileComputeKernel
  api=4 insize=8532076 outsize=17369 ok=1
Cmd: compileComputeKernel
  api=4 insize=8532076 outsize=201 ok=1
Cmd: compileComputeKernel
  api=4 insize=8532076 outsize=23217 ok=1
Cmd: compileComputeKernel
  api=4 insize=8532076 outsize=201 ok=1
Cmd: compileComputeKernel
  api=4 insize=8532076 outsize=201 ok=1
Cmd: compileComputeKernel
  api=4 insize=8532076 outsize=4289 ok=1
Cmd: compileComputeKernel
  api=4 insize=8532076 outsize=16341 ok=1
Cmd: compileComputeKernel
  api=4 insize=8532076 outsize=201 ok=1
Cmd: compileComputeKernel
  api=4 insize=8532076 outsize=22093 ok=1
Cmd: compileComputeKernel
  api=4 insize=8532076 outsize=201 ok=1
Cmd: compileComputeKernel
  api=4 insize=8532076 outsize=201 ok=1
Cmd: compileComputeKernel
  api=4 insize=8532076 outsize=201 ok=1
Cmd: compileComputeKernel
  api=4 insize=8532076 outsize=10981 ok=1
Cmd: compileComputeKernel
  api=4 insize=8532076 outsize=22125 ok=1
Cmd: compileComputeKernel
  api=4 insize=8532076 outsize=21793 ok=1
Cmd: compileComputeKernel
  api=4 insize=8532076 outsize=201 ok=1
Cmd: compileComputeKernel
  api=4 insize=8532076 outsize=201 ok=1
Cmd: compileComputeKernel
  api=4 insize=8532076 outsize=201 ok=1
Cmd: compileComputeKernel
  api=4 insize=8532076 outsize=201 ok=1
Cmd: compileComputeKernel
  api=4 insize=8532076 outsize=201 ok=1
Cmd: compileComputeKernel
  api=4 insize=8532076 outsize=201 ok=1
Cmd: compileComputeKernel
  api=4 insize=8532076 outsize=201 ok=1
Cmd: compileComputeKernel
  api=4 insize=8532076 outsize=201 ok=1
Cmd: compileComputeKernel
  api=4 insize=8532076 outsize=201 ok=1
Cmd: compileComputeKernel
  api=4 insize=8532076 outsize=201 ok=1
Cmd: compileComputeKernel
  api=4 insize=8532076 outsize=201 ok=1
Cmd: compileComputeKernel
  api=4 insize=8532076 outsize=201 ok=1
Cmd: compileComputeKernel
  api=4 insize=8532076 outsize=201 ok=1
Cmd: compileComputeKernel
  api=4 insize=8532076 outsize=201 ok=1
Cmd: compileComputeKernel
  api=4 insize=8532076 outsize=201 ok=1
Cmd: compileComputeKernel
Unhandled exception: Protocol error - unexpected end of data (did the Editor crash?)

Quitting shader compiler process
